This is pdfTeX, Version 3.14159265-2.6-1.40.16 (TeX Live 2015) (preloaded format=pdflatex 2015.5.24)  17 JUN 2017 14:20
entering extended mode
 restricted \write18 enabled.
 %&-line parsing enabled.
**NCT-Selection.tex
(./NCT-Selection.tex
LaTeX2e <2015/01/01>
Babel <3.9l> and hyphenation patterns for 79 languages loaded.
(/usr/local/texlive/2015/texmf-dist/tex/latex/base/article.cls
Document Class: article 2014/09/29 v1.4h Standard LaTeX document class
(/usr/local/texlive/2015/texmf-dist/tex/latex/base/size10.clo
File: size10.clo 2014/09/29 v1.4h Standard LaTeX file (size option)
)
\c@part=\count79
\c@section=\count80
\c@subsection=\count81
\c@subsubsection=\count82
\c@paragraph=\count83
\c@subparagraph=\count84
\c@figure=\count85
\c@table=\count86
\abovecaptionskip=\skip41
\belowcaptionskip=\skip42
\bibindent=\dimen102
)
(/usr/local/texlive/2015/texmf-dist/tex/latex/amsmath/amsmath.sty
Package: amsmath 2013/01/14 v2.14 AMS math features
\@mathmargin=\skip43

For additional information on amsmath, use the `?' option.
(/usr/local/texlive/2015/texmf-dist/tex/latex/amsmath/amstext.sty
Package: amstext 2000/06/29 v2.01

(/usr/local/texlive/2015/texmf-dist/tex/latex/amsmath/amsgen.sty
File: amsgen.sty 1999/11/30 v2.0
\@emptytoks=\toks14
\ex@=\dimen103
))
(/usr/local/texlive/2015/texmf-dist/tex/latex/amsmath/amsbsy.sty
Package: amsbsy 1999/11/29 v1.2d
\pmbraise@=\dimen104
)
(/usr/local/texlive/2015/texmf-dist/tex/latex/amsmath/amsopn.sty
Package: amsopn 1999/12/14 v2.01 operator names
)
\inf@bad=\count87
LaTeX Info: Redefining \frac on input line 210.
\uproot@=\count88
\leftroot@=\count89
LaTeX Info: Redefining \overline on input line 306.
\classnum@=\count90
\DOTSCASE@=\count91
LaTeX Info: Redefining \ldots on input line 378.
LaTeX Info: Redefining \dots on input line 381.
LaTeX Info: Redefining \cdots on input line 466.
\Mathstrutbox@=\box26
\strutbox@=\box27
\big@size=\dimen105
LaTeX Font Info:    Redeclaring font encoding OML on input line 566.
LaTeX Font Info:    Redeclaring font encoding OMS on input line 567.
\macc@depth=\count92
\c@MaxMatrixCols=\count93
\dotsspace@=\muskip10
\c@parentequation=\count94
\dspbrk@lvl=\count95
\tag@help=\toks15
\row@=\count96
\column@=\count97
\maxfields@=\count98
\andhelp@=\toks16
\eqnshift@=\dimen106
\alignsep@=\dimen107
\tagshift@=\dimen108
\tagwidth@=\dimen109
\totwidth@=\dimen110
\lineht@=\dimen111
\@envbody=\toks17
\multlinegap=\skip44
\multlinetaggap=\skip45
\mathdisplay@stack=\toks18
LaTeX Info: Redefining \[ on input line 2665.
LaTeX Info: Redefining \] on input line 2666.
)
(/usr/local/texlive/2015/texmf-dist/tex/latex/geometry/geometry.sty
Package: geometry 2010/09/12 v5.6 Page Geometry

(/usr/local/texlive/2015/texmf-dist/tex/latex/graphics/keyval.sty
Package: keyval 2014/10/28 v1.15 key=value parser (DPC)
\KV@toks@=\toks19
)
(/usr/local/texlive/2015/texmf-dist/tex/generic/oberdiek/ifpdf.sty
Package: ifpdf 2011/01/30 v2.3 Provides the ifpdf switch (HO)
Package ifpdf Info: pdfTeX in PDF mode is detected.
)
(/usr/local/texlive/2015/texmf-dist/tex/generic/oberdiek/ifvtex.sty
Package: ifvtex 2010/03/01 v1.5 Detect VTeX and its facilities (HO)
Package ifvtex Info: VTeX not detected.
)
(/usr/local/texlive/2015/texmf-dist/tex/generic/ifxetex/ifxetex.sty
Package: ifxetex 2010/09/12 v0.6 Provides ifxetex conditional
)
\Gm@cnth=\count99
\Gm@cntv=\count100
\c@Gm@tempcnt=\count101
\Gm@bindingoffset=\dimen112
\Gm@wd@mp=\dimen113
\Gm@odd@mp=\dimen114
\Gm@even@mp=\dimen115
\Gm@layoutwidth=\dimen116
\Gm@layoutheight=\dimen117
\Gm@layouthoffset=\dimen118
\Gm@layoutvoffset=\dimen119
\Gm@dimlist=\toks20
)
(/usr/local/texlive/2015/texmf-dist/tex/latex/graphics/graphicx.sty
Package: graphicx 2014/10/28 v1.0g Enhanced LaTeX Graphics (DPC,SPQR)

(/usr/local/texlive/2015/texmf-dist/tex/latex/graphics/graphics.sty
Package: graphics 2014/10/28 v1.0p Standard LaTeX Graphics (DPC,SPQR)

(/usr/local/texlive/2015/texmf-dist/tex/latex/graphics/trig.sty
Package: trig 1999/03/16 v1.09 sin cos tan (DPC)
)
(/usr/local/texlive/2015/texmf-dist/tex/latex/latexconfig/graphics.cfg
File: graphics.cfg 2010/04/23 v1.9 graphics configuration of TeX Live
)
Package graphics Info: Driver file: pdftex.def on input line 94.

(/usr/local/texlive/2015/texmf-dist/tex/latex/pdftex-def/pdftex.def
File: pdftex.def 2011/05/27 v0.06d Graphics/color for pdfTeX

(/usr/local/texlive/2015/texmf-dist/tex/generic/oberdiek/infwarerr.sty
Package: infwarerr 2010/04/08 v1.3 Providing info/warning/error messages (HO)
)
(/usr/local/texlive/2015/texmf-dist/tex/generic/oberdiek/ltxcmds.sty
Package: ltxcmds 2011/11/09 v1.22 LaTeX kernel commands for general use (HO)
)
\Gread@gobject=\count102
))
\Gin@req@height=\dimen120
\Gin@req@width=\dimen121
)
(/usr/local/texlive/2015/texmf-dist/tex/latex/oberdiek/epstopdf.sty
Package: epstopdf 2010/02/09 v2.5 Conversion with epstopdf on the fly (HO)

(/usr/local/texlive/2015/texmf-dist/tex/latex/oberdiek/epstopdf-base.sty
Package: epstopdf-base 2010/02/09 v2.5 Base part for package epstopdf

(/usr/local/texlive/2015/texmf-dist/tex/latex/oberdiek/grfext.sty
Package: grfext 2010/08/19 v1.1 Manage graphics extensions (HO)

(/usr/local/texlive/2015/texmf-dist/tex/generic/oberdiek/kvdefinekeys.sty
Package: kvdefinekeys 2011/04/07 v1.3 Define keys (HO)
))
(/usr/local/texlive/2015/texmf-dist/tex/latex/oberdiek/kvoptions.sty
Package: kvoptions 2011/06/30 v3.11 Key value format for package options (HO)

(/usr/local/texlive/2015/texmf-dist/tex/generic/oberdiek/kvsetkeys.sty
Package: kvsetkeys 2012/04/25 v1.16 Key value parser (HO)

(/usr/local/texlive/2015/texmf-dist/tex/generic/oberdiek/etexcmds.sty
Package: etexcmds 2011/02/16 v1.5 Avoid name clashes with e-TeX commands (HO)

(/usr/local/texlive/2015/texmf-dist/tex/generic/oberdiek/ifluatex.sty
Package: ifluatex 2010/03/01 v1.3 Provides the ifluatex switch (HO)
Package ifluatex Info: LuaTeX not detected.
)
Package etexcmds Info: Could not find \expanded.
(etexcmds)             That can mean that you are not using pdfTeX 1.50 or
(etexcmds)             that some package has redefined \expanded.
(etexcmds)             In the latter case, load this package earlier.
)))
(/usr/local/texlive/2015/texmf-dist/tex/generic/oberdiek/pdftexcmds.sty
Package: pdftexcmds 2011/11/29 v0.20 Utility functions of pdfTeX for LuaTeX (HO
)
Package pdftexcmds Info: LuaTeX not detected.
Package pdftexcmds Info: \pdf@primitive is available.
Package pdftexcmds Info: \pdf@ifprimitive is available.
Package pdftexcmds Info: \pdfdraftmode found.
)
Package grfext Info: Graphics extension search list:
(grfext)             [.png,.pdf,.jpg,.mps,.jpeg,.jbig2,.jb2,.PNG,.PDF,.JPG,.JPE
G,.JBIG2,.JB2,.eps]
(grfext)             \AppendGraphicsExtensions on input line 452.

(/usr/local/texlive/2015/texmf-dist/tex/latex/latexconfig/epstopdf-sys.cfg
File: epstopdf-sys.cfg 2010/07/13 v1.3 Configuration of (r)epstopdf for TeX Liv
e
)))
(/usr/local/texlive/2015/texmf-dist/tex/latex/adjustbox/adjustbox.sty
Package: adjustbox 2012/05/21 v1.0 Adjusting TeX boxes (trim, clip, ...)

(/usr/local/texlive/2015/texmf-dist/tex/latex/xkeyval/xkeyval.sty
Package: xkeyval 2014/12/03 v2.7a package option processing (HA)

(/usr/local/texlive/2015/texmf-dist/tex/generic/xkeyval/xkeyval.tex
(/usr/local/texlive/2015/texmf-dist/tex/generic/xkeyval/xkvutils.tex
\XKV@toks=\toks21
\XKV@tempa@toks=\toks22
)
\XKV@depth=\count103
File: xkeyval.tex 2014/12/03 v2.7a key=value parser (HA)
))
(/usr/local/texlive/2015/texmf-dist/tex/latex/adjustbox/adjcalc.sty
Package: adjcalc 2012/05/16 v1.1 Provides advanced setlength with multiple back
-ends (calc, etex, pgfmath)
)
(/usr/local/texlive/2015/texmf-dist/tex/latex/adjustbox/trimclip.sty
Package: trimclip 2012/05/16 v1.0 Trim and clip general TeX material

(/usr/local/texlive/2015/texmf-dist/tex/latex/collectbox/collectbox.sty
Package: collectbox 2012/05/17 v0.4b Collect macro arguments as boxes
\collectedbox=\box28
)
\tc@llx=\dimen122
\tc@lly=\dimen123
\tc@urx=\dimen124
\tc@ury=\dimen125
Package trimclip Info: Using driver 'tc-pdftex.def'.

(/usr/local/texlive/2015/texmf-dist/tex/latex/adjustbox/tc-pdftex.def
File: tc-pdftex.def 2012/05/13 v1.0 Clipping driver for pdftex
))
\adjbox@Width=\dimen126
\adjbox@Height=\dimen127
\adjbox@Depth=\dimen128
\adjbox@Totalheight=\dimen129

(/usr/local/texlive/2015/texmf-dist/tex/latex/ifoddpage/ifoddpage.sty
Package: ifoddpage 2011/09/13 v1.0 Conditionals for odd/even page detection
\c@checkoddpage=\count104
)
(/usr/local/texlive/2015/texmf-dist/tex/latex/varwidth/varwidth.sty
Package: varwidth 2009/03/30 ver 0.92;  Variable-width minipages
\@vwid@box=\box29
\sift@deathcycles=\count105
\@vwid@loff=\dimen130
\@vwid@roff=\dimen131
))
(/usr/local/texlive/2015/texmf-dist/tex/latex/caption/caption.sty
Package: caption 2013/05/02 v3.3-89 Customizing captions (AR)

(/usr/local/texlive/2015/texmf-dist/tex/latex/caption/caption3.sty
Package: caption3 2013/05/02 v1.6-88 caption3 kernel (AR)
Package caption3 Info: TeX engine: e-TeX on input line 57.
\captionmargin=\dimen132
\captionmargin@=\dimen133
\captionwidth=\dimen134
\caption@tempdima=\dimen135
\caption@indent=\dimen136
\caption@parindent=\dimen137
\caption@hangindent=\dimen138
)
\c@ContinuedFloat=\count106
)
(/usr/local/texlive/2015/texmf-dist/tex/latex/float/float.sty
Package: float 2001/11/08 v1.3d Float enhancements (AL)
\c@float@type=\count107
\float@exts=\toks23
\float@box=\box30
\@float@everytoks=\toks24
\@floatcapt=\box31
)
(/usr/local/texlive/2015/texmf-dist/tex/latex/doublestroke/dsfont.sty
Package: dsfont 1995/08/01 v0.1 Double stroke roman fonts
)
(/usr/local/texlive/2015/texmf-dist/tex/latex/pdfpages/pdfpages.sty
Package: pdfpages 2015/05/11 v0.4x Insert pages of external PDF documents (AM)

(/usr/local/texlive/2015/texmf-dist/tex/latex/base/ifthen.sty
Package: ifthen 2014/09/29 v1.1c Standard LaTeX ifthen package (DPC)
)
(/usr/local/texlive/2015/texmf-dist/tex/latex/tools/calc.sty
Package: calc 2014/10/28 v4.3 Infix arithmetic (KKT,FJ)
\calc@Acount=\count108
\calc@Bcount=\count109
\calc@Adimen=\dimen139
\calc@Bdimen=\dimen140
\calc@Askip=\skip46
\calc@Bskip=\skip47
LaTeX Info: Redefining \setlength on input line 80.
LaTeX Info: Redefining \addtolength on input line 81.
\calc@Ccount=\count110
\calc@Cskip=\skip48
)
(/usr/local/texlive/2015/texmf-dist/tex/latex/eso-pic/eso-pic.sty
Package: eso-pic 2015/04/20 v2.0e eso-pic (RN)

(/usr/local/texlive/2015/texmf-dist/tex/generic/oberdiek/atbegshi.sty
Package: atbegshi 2011/10/05 v1.16 At begin shipout hook (HO)
)
(/usr/local/texlive/2015/texmf-dist/tex/latex/xcolor/xcolor.sty
Package: xcolor 2007/01/21 v2.11 LaTeX color extensions (UK)

(/usr/local/texlive/2015/texmf-dist/tex/latex/latexconfig/color.cfg
File: color.cfg 2007/01/18 v1.5 color configuration of teTeX/TeXLive
)
Package xcolor Info: Driver file: pdftex.def on input line 225.
Package xcolor Info: Model `cmy' substituted by `cmy0' on input line 1337.
Package xcolor Info: Model `hsb' substituted by `rgb' on input line 1341.
Package xcolor Info: Model `RGB' extended on input line 1353.
Package xcolor Info: Model `HTML' substituted by `rgb' on input line 1355.
Package xcolor Info: Model `Hsb' substituted by `hsb' on input line 1356.
Package xcolor Info: Model `tHsb' substituted by `hsb' on input line 1357.
Package xcolor Info: Model `HSB' substituted by `hsb' on input line 1358.
Package xcolor Info: Model `Gray' substituted by `gray' on input line 1359.
Package xcolor Info: Model `wave' substituted by `hsb' on input line 1360.
))
\AM@pagewidth=\dimen141
\AM@pageheight=\dimen142

(/usr/local/texlive/2015/texmf-dist/tex/latex/pdfpages/pppdftex.def
File: pppdftex.def 2015/05/11 v0.4x Pdfpages driver for pdfTeX (AM)
)
\AM@pagebox=\box32
\AM@toc@title=\toks25
\c@AM@survey=\count111
\AM@templatesizebox=\box33
)
(./NCT-Selection.aux

LaTeX Warning: Label `tabresult regress' multiply defined.


LaTeX Warning: Label `tabresult regress' multiply defined.


LaTeX Warning: Label `tabresult regress' multiply defined.

)
\openout1 = `NCT-Selection.aux'.

LaTeX Font Info:    Checking defaults for OML/cmm/m/it on input line 21.
LaTeX Font Info:    ... okay on input line 21.
LaTeX Font Info:    Checking defaults for T1/cmr/m/n on input line 21.
LaTeX Font Info:    ... okay on input line 21.
LaTeX Font Info:    Checking defaults for OT1/cmr/m/n on input line 21.
LaTeX Font Info:    ... okay on input line 21.
LaTeX Font Info:    Checking defaults for OMS/cmsy/m/n on input line 21.
LaTeX Font Info:    ... okay on input line 21.
LaTeX Font Info:    Checking defaults for OMX/cmex/m/n on input line 21.
LaTeX Font Info:    ... okay on input line 21.
LaTeX Font Info:    Checking defaults for U/cmr/m/n on input line 21.
LaTeX Font Info:    ... okay on input line 21.

*geometry* driver: auto-detecting
*geometry* detected driver: pdftex
*geometry* verbose mode - [ preamble ] result:
* driver: pdftex
* paper: <default>
* layout: <same size as paper>
* layoutoffset:(h,v)=(0.0pt,0.0pt)
* modes: 
* h-part:(L,W,R)=(71.13188pt, 472.03123pt, 71.13188pt)
* v-part:(T,H,B)=(56.9055pt, 681.15898pt, 56.9055pt)
* \paperwidth=614.295pt
* \paperheight=794.96999pt
* \textwidth=472.03123pt
* \textheight=681.15898pt
* \oddsidemargin=-1.1381pt
* \evensidemargin=-1.1381pt
* \topmargin=-52.36449pt
* \headheight=12.0pt
* \headsep=25.0pt
* \topskip=10.0pt
* \footskip=30.0pt
* \marginparwidth=65.0pt
* \marginparsep=11.0pt
* \columnsep=10.0pt
* \skip\footins=9.0pt plus 4.0pt minus 2.0pt
* \hoffset=0.0pt
* \voffset=0.0pt
* \mag=1000
* \@twocolumnfalse
* \@twosidefalse
* \@mparswitchfalse
* \@reversemarginfalse
* (1in=72.27pt=25.4mm, 1cm=28.453pt)

(/usr/local/texlive/2015/texmf-dist/tex/context/base/supp-pdf.mkii
[Loading MPS to PDF converter (version 2006.09.02).]
\scratchcounter=\count112
\scratchdimen=\dimen143
\scratchbox=\box34
\nofMPsegments=\count113
\nofMParguments=\count114
\everyMPshowfont=\toks26
\MPscratchCnt=\count115
\MPscratchDim=\dimen144
\MPnumerator=\count116
\makeMPintoPDFobject=\count117
\everyMPtoPDFconversion=\toks27
)
Package caption Info: Begin \AtBeginDocument code.
Package caption Info: float package is loaded.
Package caption Info: End \AtBeginDocument code.
\AtBeginShipoutBox=\box35

Underfull \hbox (badness 10000) in paragraph at lines 39--46

 []


Underfull \hbox (badness 10000) in paragraph at lines 39--46

 []


Underfull \hbox (badness 10000) in paragraph at lines 57--61

 []

[1

{/usr/local/texlive/2015/texmf-var/fonts/map/pdftex/updmap/pdftex.map}]
LaTeX Font Info:    Try loading font information for U+dsrom on input line 87.

(/usr/local/texlive/2015/texmf-dist/tex/latex/doublestroke/Udsrom.fd
File: Udsrom.fd 1995/08/01 v0.1 Double stroke roman font definitions
)
Missing character: There is no Ã in font cmr10!
Missing character: There is no © in font cmr10!

Underfull \hbox (badness 10000) in paragraph at lines 101--105

 []

[2] [3]
Underfull \hbox (badness 10000) in paragraph at lines 183--187

 []


Underfull \hbox (badness 10000) in paragraph at lines 214--218

 []


Underfull \hbox (badness 10000) in paragraph at lines 245--249

 []

[4]
Package epstopdf Info: Source file: <model.eps>
(epstopdf)                    date: 2016-08-11 11:16:59
(epstopdf)                    size: 19358 bytes
(epstopdf)             Output file: <model-eps-converted-to.pdf>
(epstopdf)                    date: 2017-06-17 13:49:47
(epstopdf)                    size: 6951 bytes
(epstopdf)             Command: <repstopdf --outfile=model-eps-converted-to.pdf
 model.eps>
(epstopdf)             \includegraphics on input line 289.
Package epstopdf Info: Output file is already uptodate.
 <model-eps-converted-to.pdf, id=32, 397.485pt x 289.08pt>
File: model-eps-converted-to.pdf Graphic file (type pdf)

<use model-eps-converted-to.pdf>
Package pdftex.def Info: model-eps-converted-to.pdf used on input line 289.
(pdftex.def)             Requested size: 397.48402pt x 289.07928pt.
Package epstopdf Info: Source file: <random.eps>
(epstopdf)                    date: 2016-08-11 11:17:16
(epstopdf)                    size: 18795 bytes
(epstopdf)             Output file: <random-eps-converted-to.pdf>
(epstopdf)                    date: 2017-06-17 13:49:48
(epstopdf)                    size: 7427 bytes
(epstopdf)             Command: <repstopdf --outfile=random-eps-converted-to.pd
f random.eps>
(epstopdf)             \includegraphics on input line 294.
Package epstopdf Info: Output file is already uptodate.

<random-eps-converted-to.pdf, id=33, 397.485pt x 289.08pt>
File: random-eps-converted-to.pdf Graphic file (type pdf)

<use random-eps-converted-to.pdf>
Package pdftex.def Info: random-eps-converted-to.pdf used on input line 294.
(pdftex.def)             Requested size: 397.48402pt x 289.07928pt.
 [5 <./model-eps-converted-to.pdf>]
Package epstopdf Info: Source file: <selectx.eps>
(epstopdf)                    date: 2016-08-11 11:17:34
(epstopdf)                    size: 21395 bytes
(epstopdf)             Output file: <selectx-eps-converted-to.pdf>
(epstopdf)                    date: 2017-06-17 13:49:48
(epstopdf)                    size: 7847 bytes
(epstopdf)             Command: <repstopdf --outfile=selectx-eps-converted-to.p
df selectx.eps>
(epstopdf)             \includegraphics on input line 299.
Package epstopdf Info: Output file is already uptodate.

<selectx-eps-converted-to.pdf, id=42, 397.485pt x 289.08pt>
File: selectx-eps-converted-to.pdf Graphic file (type pdf)

<use selectx-eps-converted-to.pdf>
Package pdftex.def Info: selectx-eps-converted-to.pdf used on input line 299.
(pdftex.def)             Requested size: 397.48402pt x 289.07928pt.
Package epstopdf Info: Source file: <selecty.eps>
(epstopdf)                    date: 2016-08-11 11:17:53
(epstopdf)                    size: 20921 bytes
(epstopdf)             Output file: <selecty-eps-converted-to.pdf>
(epstopdf)                    date: 2017-06-17 13:49:48
(epstopdf)                    size: 7949 bytes
(epstopdf)             Command: <repstopdf --outfile=selecty-eps-converted-to.p
df selecty.eps>
(epstopdf)             \includegraphics on input line 304.
Package epstopdf Info: Output file is already uptodate.

<selecty-eps-converted-to.pdf, id=43, 397.485pt x 289.08pt>
File: selecty-eps-converted-to.pdf Graphic file (type pdf)

<use selecty-eps-converted-to.pdf>
Package pdftex.def Info: selecty-eps-converted-to.pdf used on input line 304.
(pdftex.def)             Requested size: 397.48402pt x 289.07928pt.
 [6 <./random-eps-converted-to.pdf> <./selectx-eps-converted-to.pdf>]
Overfull \hbox (5.73096pt too wide) in paragraph at lines 307--308
[]\OT1/cmr/m/n/10 Cet ex-em-ple ap-porte une autre preuve que seul le pro-ces-s
us de s^^Selection sur $\OML/cmm/m/it/10 y$ \OT1/cmr/m/n/10 cause des probl^^Re
mes syst^^Sematiques
 []

[7 <./selecty-eps-converted-to.pdf>]
Underfull \hbox (badness 10000) in paragraph at lines 315--319

 []


Overfull \hbox (4.34218pt too wide) in paragraph at lines 325--326
[]\OT1/cmr/m/n/10 o^^Ru cette fois $\OML/cmm/m/it/10 s$ \OT1/cmr/m/n/10 n'est p
lus le pro-ces-sus de s^^Selection des valeurs man-quantes mais une sim-ple var
i-able. L'estimation
 []


Underfull \hbox (badness 10000) in paragraph at lines 356--366

 []


Underfull \hbox (badness 10000) in paragraph at lines 356--366

 []


Underfull \hbox (badness 10000) in paragraph at lines 356--366

 []

[8] <selectcode.pdf, id=72, 614.295pt x 794.97pt>
File: selectcode.pdf Graphic file (type pdf)
 <use selectcode.pdf>
Package pdftex.def Info: selectcode.pdf used on input line 369.
(pdftex.def)             Requested size: 614.29349pt x 794.96806pt.
File: selectcode.pdf Graphic file (type pdf)

<use selectcode.pdf>
Package pdftex.def Info: selectcode.pdf used on input line 369.
(pdftex.def)             Requested size: 614.29349pt x 794.96806pt.
 <selectcode.pdf, id=75, page=1, 614.295pt x 794.97pt>
File: selectcode.pdf Graphic file (type pdf)

<use selectcode.pdf, page 1>
Package pdftex.def Info: selectcode.pdf, page1 used on input line 369.
(pdftex.def)             Requested size: 614.29349pt x 794.96806pt.
File: selectcode.pdf Graphic file (type pdf)
 <use selectcode.pdf, page 1>
Package pdftex.def Info: selectcode.pdf, page1 used on input line 369.
(pdftex.def)             Requested size: 552.86038pt x 715.4664pt.
File: selectcode.pdf Graphic file (type pdf)

<use selectcode.pdf, page 1>
Package pdftex.def Info: selectcode.pdf, page1 used on input line 369.
(pdftex.def)             Requested size: 552.86038pt x 715.4664pt.
File: selectcode.pdf Graphic file (type pdf)
 <use selectcode.pdf, page 1>
Package pdftex.def Info: selectcode.pdf, page1 used on input line 369.
(pdftex.def)             Requested size: 552.86038pt x 715.4664pt.
File: selectcode.pdf Graphic file (type pdf)

<use selectcode.pdf, page 1>
Package pdftex.def Info: selectcode.pdf, page1 used on input line 369.
(pdftex.def)             Requested size: 552.86038pt x 715.4664pt.
 [9 <./selectcode.pdf>]
File: selectcode.pdf Graphic file (type pdf)
 <use selectcode.pdf>
Package pdftex.def Info: selectcode.pdf used on input line 370.
(pdftex.def)             Requested size: 614.29349pt x 794.96806pt.
File: selectcode.pdf Graphic file (type pdf)

<use selectcode.pdf>
Package pdftex.def Info: selectcode.pdf used on input line 370.
(pdftex.def)             Requested size: 614.29349pt x 794.96806pt.
 <selectcode.pdf, id=120, page=2, 614.295pt x 794.97pt>
File: selectcode.pdf Graphic file (type pdf)

<use selectcode.pdf, page 2>
Package pdftex.def Info: selectcode.pdf, page2 used on input line 370.
(pdftex.def)             Requested size: 614.29349pt x 794.96806pt.
File: selectcode.pdf Graphic file (type pdf)
 <use selectcode.pdf, page 2>
Package pdftex.def Info: selectcode.pdf, page2 used on input line 370.
(pdftex.def)             Requested size: 552.86038pt x 715.4664pt.
File: selectcode.pdf Graphic file (type pdf)

<use selectcode.pdf, page 2>
Package pdftex.def Info: selectcode.pdf, page2 used on input line 370.
(pdftex.def)             Requested size: 552.86038pt x 715.4664pt.
File: selectcode.pdf Graphic file (type pdf)
 <use selectcode.pdf, page 2>
Package pdftex.def Info: selectcode.pdf, page2 used on input line 370.
(pdftex.def)             Requested size: 552.86038pt x 715.4664pt.

<selectcode.pdf, id=121, page=3, 614.295pt x 794.97pt>
File: selectcode.pdf Graphic file (type pdf)

<use selectcode.pdf, page 3>
Package pdftex.def Info: selectcode.pdf, page3 used on input line 370.
(pdftex.def)             Requested size: 552.86038pt x 715.4664pt.
File: selectcode.pdf Graphic file (type pdf)
 <use selectcode.pdf, page 3>
Package pdftex.def Info: selectcode.pdf, page3 used on input line 370.
(pdftex.def)             Requested size: 552.86038pt x 715.4664pt.
File: selectcode.pdf Graphic file (type pdf)

<use selectcode.pdf, page 2>
Package pdftex.def Info: selectcode.pdf, page2 used on input line 370.
(pdftex.def)             Requested size: 552.86038pt x 715.4664pt.
 [10 <./selectcode.pdf>]
<selectcode.pdf, id=125, page=4, 614.295pt x 794.97pt>
File: selectcode.pdf Graphic file (type pdf)

<use selectcode.pdf, page 4>
Package pdftex.def Info: selectcode.pdf, page4 used on input line 370.
(pdftex.def)             Requested size: 552.86038pt x 715.4664pt.
File: selectcode.pdf Graphic file (type pdf)
 <use selectcode.pdf, page 4>
Package pdftex.def Info: selectcode.pdf, page4 used on input line 370.
(pdftex.def)             Requested size: 552.86038pt x 715.4664pt.
File: selectcode.pdf Graphic file (type pdf)

<use selectcode.pdf, page 3>
Package pdftex.def Info: selectcode.pdf, page3 used on input line 370.
(pdftex.def)             Requested size: 552.86038pt x 715.4664pt.
 [11 <./selectcode.pdf>]
<selectcode.pdf, id=129, page=5, 614.295pt x 794.97pt>
File: selectcode.pdf Graphic file (type pdf)

<use selectcode.pdf, page 5>
Package pdftex.def Info: selectcode.pdf, page5 used on input line 370.
(pdftex.def)             Requested size: 552.86038pt x 715.4664pt.
File: selectcode.pdf Graphic file (type pdf)
 <use selectcode.pdf, page 5>
Package pdftex.def Info: selectcode.pdf, page5 used on input line 370.
(pdftex.def)             Requested size: 552.86038pt x 715.4664pt.
File: selectcode.pdf Graphic file (type pdf)

<use selectcode.pdf, page 4>
Package pdftex.def Info: selectcode.pdf, page4 used on input line 370.
(pdftex.def)             Requested size: 552.86038pt x 715.4664pt.
 [12 <./selectcode.pdf>]
<selectcode.pdf, id=133, page=6, 614.295pt x 794.97pt>
File: selectcode.pdf Graphic file (type pdf)

<use selectcode.pdf, page 6>
Package pdftex.def Info: selectcode.pdf, page6 used on input line 370.
(pdftex.def)             Requested size: 552.86038pt x 715.4664pt.
File: selectcode.pdf Graphic file (type pdf)
 <use selectcode.pdf, page 6>
Package pdftex.def Info: selectcode.pdf, page6 used on input line 370.
(pdftex.def)             Requested size: 552.86038pt x 715.4664pt.
File: selectcode.pdf Graphic file (type pdf)

<use selectcode.pdf, page 5>
Package pdftex.def Info: selectcode.pdf, page5 used on input line 370.
(pdftex.def)             Requested size: 552.86038pt x 715.4664pt.
 [13 <./selectcode.pdf>]
<selectcode.pdf, id=138, page=7, 614.295pt x 794.97pt>
File: selectcode.pdf Graphic file (type pdf)

<use selectcode.pdf, page 7>
Package pdftex.def Info: selectcode.pdf, page7 used on input line 370.
(pdftex.def)             Requested size: 552.86038pt x 715.4664pt.
File: selectcode.pdf Graphic file (type pdf)
 <use selectcode.pdf, page 7>
Package pdftex.def Info: selectcode.pdf, page7 used on input line 370.
(pdftex.def)             Requested size: 552.86038pt x 715.4664pt.
File: selectcode.pdf Graphic file (type pdf)

<use selectcode.pdf, page 6>
Package pdftex.def Info: selectcode.pdf, page6 used on input line 370.
(pdftex.def)             Requested size: 552.86038pt x 715.4664pt.
 [14 <./selectcode.pdf>]
<selectcode.pdf, id=142, page=8, 614.295pt x 794.97pt>
File: selectcode.pdf Graphic file (type pdf)

<use selectcode.pdf, page 8>
Package pdftex.def Info: selectcode.pdf, page8 used on input line 370.
(pdftex.def)             Requested size: 552.86038pt x 715.4664pt.
File: selectcode.pdf Graphic file (type pdf)
 <use selectcode.pdf, page 8>
Package pdftex.def Info: selectcode.pdf, page8 used on input line 370.
(pdftex.def)             Requested size: 552.86038pt x 715.4664pt.
File: selectcode.pdf Graphic file (type pdf)

<use selectcode.pdf, page 7>
Package pdftex.def Info: selectcode.pdf, page7 used on input line 370.
(pdftex.def)             Requested size: 552.86038pt x 715.4664pt.
 [15 <./selectcode.pdf>]
<selectcode.pdf, id=146, page=9, 614.295pt x 794.97pt>
File: selectcode.pdf Graphic file (type pdf)

<use selectcode.pdf, page 9>
Package pdftex.def Info: selectcode.pdf, page9 used on input line 370.
(pdftex.def)             Requested size: 552.86038pt x 715.4664pt.
File: selectcode.pdf Graphic file (type pdf)
 <use selectcode.pdf, page 9>
Package pdftex.def Info: selectcode.pdf, page9 used on input line 370.
(pdftex.def)             Requested size: 552.86038pt x 715.4664pt.
File: selectcode.pdf Graphic file (type pdf)

<use selectcode.pdf, page 8>
Package pdftex.def Info: selectcode.pdf, page8 used on input line 370.
(pdftex.def)             Requested size: 552.86038pt x 715.4664pt.
 [16 <./selectcode.pdf>]
<selectcode.pdf, id=150, page=10, 614.295pt x 794.97pt>
File: selectcode.pdf Graphic file (type pdf)

<use selectcode.pdf, page 10>
Package pdftex.def Info: selectcode.pdf, page10 used on input line 370.
(pdftex.def)             Requested size: 552.86038pt x 715.4664pt.
File: selectcode.pdf Graphic file (type pdf)
 <use selectcode.pdf, page 10>
Package pdftex.def Info: selectcode.pdf, page10 used on input line 370.
(pdftex.def)             Requested size: 552.86038pt x 715.4664pt.
File: selectcode.pdf Graphic file (type pdf)

<use selectcode.pdf, page 9>
Package pdftex.def Info: selectcode.pdf, page9 used on input line 370.
(pdftex.def)             Requested size: 552.86038pt x 715.4664pt.
 [17 <./selectcode.pdf>]
<selectcode.pdf, id=154, page=11, 614.295pt x 794.97pt>
File: selectcode.pdf Graphic file (type pdf)

<use selectcode.pdf, page 11>
Package pdftex.def Info: selectcode.pdf, page11 used on input line 370.
(pdftex.def)             Requested size: 552.86038pt x 715.4664pt.
File: selectcode.pdf Graphic file (type pdf)
 <use selectcode.pdf, page 11>
Package pdftex.def Info: selectcode.pdf, page11 used on input line 370.
(pdftex.def)             Requested size: 552.86038pt x 715.4664pt.
File: selectcode.pdf Graphic file (type pdf)

<use selectcode.pdf, page 10>
Package pdftex.def Info: selectcode.pdf, page10 used on input line 370.
(pdftex.def)             Requested size: 552.86038pt x 715.4664pt.
 [18 <./selectcode.pdf>]
<selectcode.pdf, id=158, page=12, 614.295pt x 794.97pt>
File: selectcode.pdf Graphic file (type pdf)

<use selectcode.pdf, page 12>
Package pdftex.def Info: selectcode.pdf, page12 used on input line 370.
(pdftex.def)             Requested size: 552.86038pt x 715.4664pt.
File: selectcode.pdf Graphic file (type pdf)
 <use selectcode.pdf, page 12>
Package pdftex.def Info: selectcode.pdf, page12 used on input line 370.
(pdftex.def)             Requested size: 552.86038pt x 715.4664pt.
File: selectcode.pdf Graphic file (type pdf)

<use selectcode.pdf, page 11>
Package pdftex.def Info: selectcode.pdf, page11 used on input line 370.
(pdftex.def)             Requested size: 552.86038pt x 715.4664pt.
 [19 <./selectcode.pdf>]
File: selectcode.pdf Graphic file (type pdf)

<use selectcode.pdf, page 12>
Package pdftex.def Info: selectcode.pdf, page12 used on input line 370.
(pdftex.def)             Requested size: 552.86038pt x 715.4664pt.
 [20 <./selectcode.pdf>] (./NCT-Selection.aux)

LaTeX Warning: There were multiply-defined labels.

 ) 
Here is how much of TeX's memory you used:
 5749 strings out of 493089
 87211 string characters out of 6134842
 173245 words of memory out of 5000000
 9122 multiletter control sequences out of 15000+600000
 10560 words of font info for 41 fonts, out of 8000000 for 9000
 1141 hyphenation exceptions out of 8191
 53i,19n,92p,716b,526s stack positions out of 5000i,500n,10000p,200000b,80000s
</usr/local/texlive/2015/texmf-dist/fonts/type1/public/amsfonts/cm/cmbx10.pfb
></usr/local/texlive/2015/texmf-dist/fonts/type1/public/amsfonts/cm/cmbx12.pfb>
</usr/local/texlive/2015/texmf-dist/fonts/type1/public/amsfonts/cm/cmbxti10.pfb
></usr/local/texlive/2015/texmf-dist/fonts/type1/public/amsfonts/cm/cmex10.pfb>
</usr/local/texlive/2015/texmf-dist/fonts/type1/public/amsfonts/cmextra/cmex7.p
fb></usr/local/texlive/2015/texmf-dist/fonts/type1/public/amsfonts/cm/cmmi10.pf
b></usr/local/texlive/2015/texmf-dist/fonts/type1/public/amsfonts/cm/cmmi5.pfb>
</usr/local/texlive/2015/texmf-dist/fonts/type1/public/amsfonts/cm/cmmi7.pfb></
usr/local/texlive/2015/texmf-dist/fonts/type1/public/amsfonts/cm/cmr10.pfb></us
r/local/texlive/2015/texmf-dist/fonts/type1/public/amsfonts/cm/cmr12.pfb></usr/
local/texlive/2015/texmf-dist/fonts/type1/public/amsfonts/cm/cmr17.pfb></usr/lo
cal/texlive/2015/texmf-dist/fonts/type1/public/amsfonts/cm/cmr5.pfb></usr/local
/texlive/2015/texmf-dist/fonts/type1/public/amsfonts/cm/cmr6.pfb></usr/local/te
xlive/2015/texmf-dist/fonts/type1/public/amsfonts/cm/cmr7.pfb></usr/local/texli
ve/2015/texmf-dist/fonts/type1/public/amsfonts/cm/cmr8.pfb></usr/local/texlive/
2015/texmf-dist/fonts/type1/public/amsfonts/cm/cmsy10.pfb></usr/local/texlive/2
015/texmf-dist/fonts/type1/public/amsfonts/cm/cmsy7.pfb></usr/local/texlive/201
5/texmf-dist/fonts/type1/public/amsfonts/cm/cmsy8.pfb></usr/local/texlive/2015/
texmf-dist/fonts/type1/public/amsfonts/cm/cmti10.pfb></usr/local/texlive/2015/t
exmf-dist/fonts/type1/public/amsfonts/cm/cmti8.pfb></usr/local/texlive/2015/tex
mf-dist/fonts/type1/public/doublestroke/dsrom10.pfb>
Output written on NCT-Selection.pdf (20 pages, 392555 bytes).
PDF statistics:
 233 PDF objects out of 1000 (max. 8388607)
 155 compressed objects within 2 object streams
 0 named destinations out of 1000 (max. 500000)
 106 words of extra memory for PDF output out of 10000 (max. 10000000)

